# JRE version: Java(TM) SE Runtime Environment (17.0.3.1+2) (build 17.0.3.1+2-LTS-6)
# Java VM: Java HotSpot(TM) 64-Bit Server VM (17.0.3.1+2-LTS-6, mixed mode, sharing, tiered, compressed oops, compressed class ptrs, g1 gc, windows-amd64)
GC Precious Log:
 CPUs: 8 total, 8 available
 Memory: 12247M
 Large Page Support: Disabled
 NUMA Support: Disabled
 Compressed Oops: Enabled (Zero based)
 Heap Region Size: 2M
 Heap Min Capacity: 8M
 Heap Initial Capacity: 192M
 Heap Max Capacity: 3062M
 Pre-touch: Disabled
 Parallel Workers: 8
 Concurrent Workers: 2
 Concurrent Refinement Workers: 8
 Periodic GC: Disabled
Heap:
 garbage-first heap   total 55296K, used 26367K [0x0000000740a00000, 0x0000000800000000)
  region size 2048K, 8 young (16384K), 1 survivors (2048K)
 Metaspace       used 28163K, committed 28544K, reserved 1081344K
  class space    used 3703K, committed 3904K, reserved 1048576K
GC Heap History (10 events):
Event: 1.044 GC heap before
{Heap before GC invocations=0 (full 0):
 garbage-first heap   total 196608K, used 22528K [0x0000000740a00000, 0x0000000800000000)
  region size 2048K, 11 young (22528K), 0 survivors (0K)
 Metaspace       used 4895K, committed 4992K, reserved 1056768K
  class space    used 522K, committed 576K, reserved 1048576K
}
Event: 1.050 GC heap after
{Heap after GC invocations=1 (full 0):
 garbage-first heap   total 196608K, used 6512K [0x0000000740a00000, 0x0000000800000000)
  region size 2048K, 2 young (4096K), 2 survivors (4096K)
 Metaspace       used 4895K, committed 4992K, reserved 1056768K
  class space    used 522K, committed 576K, reserved 1048576K
}
Event: 1.899 GC heap before
{Heap before GC invocations=1 (full 0):
 garbage-first heap   total 196608K, used 31088K [0x0000000740a00000, 0x0000000800000000)
  region size 2048K, 15 young (30720K), 2 survivors (4096K)
 Metaspace       used 11559K, committed 11840K, reserved 1064960K
  class space    used 1469K, committed 1600K, reserved 1048576K
}
Event: 1.903 GC heap after
{Heap after GC invocations=2 (full 0):
 garbage-first heap   total 196608K, used 8579K [0x0000000740a00000, 0x0000000800000000)
  region size 2048K, 1 young (2048K), 1 survivors (2048K)
 Metaspace       used 11559K, committed 11840K, reserved 1064960K
  class space    used 1469K, committed 1600K, reserved 1048576K
}
Event: 3.474 GC heap before
{Heap before GC invocations=2 (full 0):
 garbage-first heap   total 196608K, used 65923K [0x0000000740a00000, 0x0000000800000000)
  region size 2048K, 30 young (61440K), 1 survivors (2048K)
 Metaspace       used 21285K, committed 21504K, reserved 1073152K
  class space    used 2705K, committed 2816K, reserved 1048576K
}
Event: 3.481 GC heap after
{Heap after GC invocations=3 (full 0):
 garbage-first heap   total 196608K, used 11682K [0x0000000740a00000, 0x0000000800000000)
  region size 2048K, 3 young (6144K), 3 survivors (6144K)
 Metaspace       used 21285K, committed 21504K, reserved 1073152K
  class space    used 2705K, committed 2816K, reserved 1048576K
}
Event: 6.564 GC heap before
{Heap before GC invocations=4 (full 0):
 garbage-first heap   total 55296K, used 38306K [0x0000000740a00000, 0x0000000800000000)
  region size 2048K, 16 young (32768K), 3 survivors (6144K)
 Metaspace       used 25065K, committed 25344K, reserved 1073152K
  class space    used 3244K, committed 3392K, reserved 1048576K
}
Event: 6.573 GC heap after
{Heap after GC invocations=5 (full 0):
 garbage-first heap   total 55296K, used 13901K [0x0000000740a00000, 0x0000000800000000)
  region size 2048K, 2 young (4096K), 2 survivors (4096K)
 Metaspace       used 25065K, committed 25344K, reserved 1073152K
  class space    used 3244K, committed 3392K, reserved 1048576K
}
Event: 6.795 GC heap before
{Heap before GC invocations=5 (full 0):
 garbage-first heap   total 55296K, used 15949K [0x0000000740a00000, 0x0000000800000000)
  region size 2048K, 3 young (6144K), 2 survivors (4096K)
 Metaspace       used 25379K, committed 25600K, reserved 1073152K
  class space    used 3292K, committed 3392K, reserved 1048576K
}
Event: 6.799 GC heap after
{Heap after GC invocations=6 (full 0):
 garbage-first heap   total 55296K, used 14079K [0x0000000740a00000, 0x0000000800000000)
  region size 2048K, 1 young (2048K), 1 survivors (2048K)
 Metaspace       used 25379K, committed 25600K, reserved 1073152K
  class space    used 3292K, committed 3392K, reserved 1048576K
}

