# JRE version: Java(TM) SE Runtime Environment (17.0.3.1+2) (build 17.0.3.1+2-LTS-6)
# Java VM: Java HotSpot(TM) 64-Bit Server VM (17.0.3.1+2-LTS-6, mixed mode, sharing, tiered, compressed oops, compressed class ptrs, g1 gc, windows-amd64)
GC Precious Log:
 CPUs: 8 total, 8 available
 Memory: 12247M
 Large Page Support: Disabled
 NUMA Support: Disabled
 Compressed Oops: Enabled (Zero based)
 Heap Region Size: 2M
 Heap Min Capacity: 8M
 Heap Initial Capacity: 192M
 Heap Max Capacity: 3062M
 Pre-touch: Disabled
 Parallel Workers: 8
 Concurrent Workers: 2
 Concurrent Refinement Workers: 8
 Periodic GC: Disabled
Heap:
 garbage-first heap   total 55296K, used 39322K [0x0000000740a00000, 0x0000000800000000)
  region size 2048K, 11 young (22528K), 2 survivors (4096K)
 Metaspace       used 57049K, committed 57408K, reserved 1105920K
  class space    used 7740K, committed 7872K, reserved 1048576K
GC Heap History (20 events):
Event: 4.275 GC heap before
{Heap before GC invocations=4 (full 0):
 garbage-first heap   total 55296K, used 38197K [0x0000000740a00000, 0x0000000800000000)
  region size 2048K, 16 young (32768K), 3 survivors (6144K)
 Metaspace       used 25029K, committed 25344K, reserved 1073152K
  class space    used 3248K, committed 3392K, reserved 1048576K
}
Event: 4.282 GC heap after
{Heap after GC invocations=5 (full 0):
 garbage-first heap   total 55296K, used 13967K [0x0000000740a00000, 0x0000000800000000)
  region size 2048K, 2 young (4096K), 2 survivors (4096K)
 Metaspace       used 25029K, committed 25344K, reserved 1073152K
  class space    used 3248K, committed 3392K, reserved 1048576K
}
Event: 4.367 GC heap before
{Heap before GC invocations=5 (full 0):
 garbage-first heap   total 55296K, used 16015K [0x0000000740a00000, 0x0000000800000000)
  region size 2048K, 3 young (6144K), 2 survivors (4096K)
 Metaspace       used 25352K, committed 25600K, reserved 1073152K
  class space    used 3297K, committed 3392K, reserved 1048576K
}
Event: 4.371 GC heap after
{Heap after GC invocations=6 (full 0):
 garbage-first heap   total 55296K, used 14120K [0x0000000740a00000, 0x0000000800000000)
  region size 2048K, 1 young (2048K), 1 survivors (2048K)
 Metaspace       used 25352K, committed 25600K, reserved 1073152K
  class space    used 3297K, committed 3392K, reserved 1048576K
}
Event: 5.151 GC heap before
{Heap before GC invocations=6 (full 0):
 garbage-first heap   total 55296K, used 34600K [0x0000000740a00000, 0x0000000800000000)
  region size 2048K, 11 young (22528K), 1 survivors (2048K)
 Metaspace       used 29303K, committed 29568K, reserved 1081344K
  class space    used 3831K, committed 3968K, reserved 1048576K
}
Event: 5.155 GC heap after
{Heap after GC invocations=7 (full 0):
 garbage-first heap   total 55296K, used 16195K [0x0000000740a00000, 0x0000000800000000)
  region size 2048K, 2 young (4096K), 2 survivors (4096K)
 Metaspace       used 29303K, committed 29568K, reserved 1081344K
  class space    used 3831K, committed 3968K, reserved 1048576K
}
Event: 5.873 GC heap before
{Heap before GC invocations=7 (full 0):
 garbage-first heap   total 55296K, used 36675K [0x0000000740a00000, 0x0000000800000000)
  region size 2048K, 12 young (24576K), 2 survivors (4096K)
 Metaspace       used 32356K, committed 32640K, reserved 1081344K
  class space    used 4206K, committed 4352K, reserved 1048576K
}
Event: 5.877 GC heap after
{Heap after GC invocations=8 (full 0):
 garbage-first heap   total 55296K, used 17428K [0x0000000740a00000, 0x0000000800000000)
  region size 2048K, 1 young (2048K), 1 survivors (2048K)
 Metaspace       used 32356K, committed 32640K, reserved 1081344K
  class space    used 4206K, committed 4352K, reserved 1048576K
}
Event: 6.376 GC heap before
{Heap before GC invocations=8 (full 0):
 garbage-first heap   total 55296K, used 27668K [0x0000000740a00000, 0x0000000800000000)
  region size 2048K, 7 young (14336K), 1 survivors (2048K)
 Metaspace       used 35652K, committed 35968K, reserved 1081344K
  class space    used 4821K, committed 4992K, reserved 1048576K
}
Event: 6.379 GC heap after
{Heap after GC invocations=9 (full 0):
 garbage-first heap   total 55296K, used 17848K [0x0000000740a00000, 0x0000000800000000)
  region size 2048K, 1 young (2048K), 1 survivors (2048K)
 Metaspace       used 35652K, committed 35968K, reserved 1081344K
  class space    used 4821K, committed 4992K, reserved 1048576K
}
Event: 7.327 GC heap before
{Heap before GC invocations=10 (full 0):
 garbage-first heap   total 55296K, used 40376K [0x0000000740a00000, 0x0000000800000000)
  region size 2048K, 12 young (24576K), 1 survivors (2048K)
 Metaspace       used 44188K, committed 44544K, reserved 1089536K
  class space    used 5940K, committed 6144K, reserved 1048576K
}
Event: 7.332 GC heap after
{Heap after GC invocations=11 (full 0):
 garbage-first heap   total 55296K, used 20143K [0x0000000740a00000, 0x0000000800000000)
  region size 2048K, 2 young (4096K), 2 survivors (4096K)
 Metaspace       used 44188K, committed 44544K, reserved 1089536K
  class space    used 5940K, committed 6144K, reserved 1048576K
}
Event: 7.364 GC heap before
{Heap before GC invocations=11 (full 0):
 garbage-first heap   total 55296K, used 22191K [0x0000000740a00000, 0x0000000800000000)
  region size 2048K, 3 young (6144K), 2 survivors (4096K)
 Metaspace       used 44458K, committed 44800K, reserved 1089536K
  class space    used 5955K, committed 6144K, reserved 1048576K
}
Event: 7.369 GC heap after
{Heap after GC invocations=12 (full 0):
 garbage-first heap   total 55296K, used 20237K [0x0000000740a00000, 0x0000000800000000)
  region size 2048K, 1 young (2048K), 1 survivors (2048K)
 Metaspace       used 44458K, committed 44800K, reserved 1089536K
  class space    used 5955K, committed 6144K, reserved 1048576K
}
Event: 7.813 GC heap before
{Heap before GC invocations=12 (full 0):
 garbage-first heap   total 55296K, used 38669K [0x0000000740a00000, 0x0000000800000000)
  region size 2048K, 10 young (20480K), 1 survivors (2048K)
 Metaspace       used 47447K, committed 47808K, reserved 1097728K
  class space    used 6358K, committed 6528K, reserved 1048576K
}
Event: 7.815 GC heap after
{Heap after GC invocations=13 (full 0):
 garbage-first heap   total 55296K, used 20787K [0x0000000740a00000, 0x0000000800000000)
  region size 2048K, 1 young (2048K), 1 survivors (2048K)
 Metaspace       used 47447K, committed 47808K, reserved 1097728K
  class space    used 6358K, committed 6528K, reserved 1048576K
}
Event: 8.557 GC heap before
{Heap before GC invocations=13 (full 0):
 garbage-first heap   total 55296K, used 41267K [0x0000000740a00000, 0x0000000800000000)
  region size 2048K, 11 young (22528K), 1 survivors (2048K)
 Metaspace       used 51070K, committed 51456K, reserved 1097728K
  class space    used 6930K, committed 7104K, reserved 1048576K
}
Event: 8.562 GC heap after
{Heap after GC invocations=14 (full 0):
 garbage-first heap   total 55296K, used 21502K [0x0000000740a00000, 0x0000000800000000)
  region size 2048K, 1 young (2048K), 1 survivors (2048K)
 Metaspace       used 51070K, committed 51456K, reserved 1097728K
  class space    used 6930K, committed 7104K, reserved 1048576K
}
Event: 31.839 GC heap before
{Heap before GC invocations=14 (full 0):
 garbage-first heap   total 55296K, used 41982K [0x0000000740a00000, 0x0000000800000000)
  region size 2048K, 11 young (22528K), 1 survivors (2048K)
 Metaspace       used 55120K, committed 55552K, reserved 1097728K
  class space    used 7432K, committed 7616K, reserved 1048576K
}
Event: 31.843 GC heap after
{Heap after GC invocations=15 (full 0):
 garbage-first heap   total 55296K, used 22938K [0x0000000740a00000, 0x0000000800000000)
  region size 2048K, 2 young (4096K), 2 survivors (4096K)
 Metaspace       used 55120K, committed 55552K, reserved 1097728K
  class space    used 7432K, committed 7616K, reserved 1048576K
}

