# JRE version: Java(TM) SE Runtime Environment (17.0.3.1+2) (build 17.0.3.1+2-LTS-6)
# Java VM: Java HotSpot(TM) 64-Bit Server VM (17.0.3.1+2-LTS-6, mixed mode, sharing, tiered, compressed oops, compressed class ptrs, g1 gc, windows-amd64)
GC Precious Log:
 CPUs: 8 total, 8 available
 Memory: 12247M
 Large Page Support: Disabled
 NUMA Support: Disabled
 Compressed Oops: Enabled (Zero based)
 Heap Region Size: 2M
 Heap Min Capacity: 8M
 Heap Initial Capacity: 192M
 Heap Max Capacity: 3062M
 Pre-touch: Disabled
 Parallel Workers: 8
 Concurrent Workers: 2
 Concurrent Refinement Workers: 8
 Periodic GC: Disabled
Heap:
 garbage-first heap   total 55296K, used 29805K [0x0000000740a00000, 0x0000000800000000)
  region size 2048K, 1 young (2048K), 1 survivors (2048K)
 Metaspace       used 63531K, committed 63872K, reserved 1105920K
  class space    used 8595K, committed 8768K, reserved 1048576K
GC Heap History (20 events):
Event: 8.788 GC heap after
{Heap after GC invocations=13 (full 0):
 garbage-first heap   total 55296K, used 22162K [0x0000000740a00000, 0x0000000800000000)
  region size 2048K, 2 young (4096K), 2 survivors (4096K)
 Metaspace       used 51195K, committed 51520K, reserved 1097728K
  class space    used 6942K, committed 7104K, reserved 1048576K
}
Event: 31.590 GC heap before
{Heap before GC invocations=13 (full 0):
 garbage-first heap   total 55296K, used 40594K [0x0000000740a00000, 0x0000000800000000)
  region size 2048K, 11 young (22528K), 2 survivors (4096K)
 Metaspace       used 53716K, committed 54080K, reserved 1097728K
  class space    used 7266K, committed 7424K, reserved 1048576K
}
Event: 31.594 GC heap after
{Heap after GC invocations=14 (full 0):
 garbage-first heap   total 55296K, used 23059K [0x0000000740a00000, 0x0000000800000000)
  region size 2048K, 2 young (4096K), 2 survivors (4096K)
 Metaspace       used 53716K, committed 54080K, reserved 1097728K
  class space    used 7266K, committed 7424K, reserved 1048576K
}
Event: 32.140 GC heap before
{Heap before GC invocations=14 (full 0):
 garbage-first heap   total 55296K, used 41491K [0x0000000740a00000, 0x0000000800000000)
  region size 2048K, 11 young (22528K), 2 survivors (4096K)
 Metaspace       used 56537K, committed 56832K, reserved 1105920K
  class space    used 7657K, committed 7808K, reserved 1048576K
}
Event: 32.145 GC heap after
{Heap after GC invocations=15 (full 0):
 garbage-first heap   total 55296K, used 24333K [0x0000000740a00000, 0x0000000800000000)
  region size 2048K, 2 young (4096K), 2 survivors (4096K)
 Metaspace       used 56537K, committed 56832K, reserved 1105920K
  class space    used 7657K, committed 7808K, reserved 1048576K
}
Event: 32.374 GC heap before
{Heap before GC invocations=15 (full 0):
 garbage-first heap   total 55296K, used 40717K [0x0000000740a00000, 0x0000000800000000)
  region size 2048K, 10 young (20480K), 2 survivors (4096K)
 Metaspace       used 57151K, committed 57600K, reserved 1105920K
  class space    used 7733K, committed 7936K, reserved 1048576K
}
Event: 32.378 GC heap after
{Heap after GC invocations=16 (full 0):
 garbage-first heap   total 55296K, used 25133K [0x0000000740a00000, 0x0000000800000000)
  region size 2048K, 2 young (4096K), 2 survivors (4096K)
 Metaspace       used 57151K, committed 57600K, reserved 1105920K
  class space    used 7733K, committed 7936K, reserved 1048576K
}
Event: 32.560 GC heap before
{Heap before GC invocations=16 (full 0):
 garbage-first heap   total 55296K, used 41517K [0x0000000740a00000, 0x0000000800000000)
  region size 2048K, 10 young (20480K), 2 survivors (4096K)
 Metaspace       used 57333K, committed 57792K, reserved 1105920K
  class space    used 7743K, committed 8000K, reserved 1048576K
}
Event: 32.562 GC heap after
{Heap after GC invocations=17 (full 0):
 garbage-first heap   total 55296K, used 25639K [0x0000000740a00000, 0x0000000800000000)
  region size 2048K, 2 young (4096K), 2 survivors (4096K)
 Metaspace       used 57333K, committed 57792K, reserved 1105920K
  class space    used 7743K, committed 8000K, reserved 1048576K
}
Event: 32.662 GC heap before
{Heap before GC invocations=17 (full 0):
 garbage-first heap   total 55296K, used 42023K [0x0000000740a00000, 0x0000000800000000)
  region size 2048K, 10 young (20480K), 2 survivors (4096K)
 Metaspace       used 57494K, committed 57984K, reserved 1105920K
  class space    used 7750K, committed 8000K, reserved 1048576K
}
Event: 32.665 GC heap after
{Heap after GC invocations=18 (full 0):
 garbage-first heap   total 55296K, used 26023K [0x0000000740a00000, 0x0000000800000000)
  region size 2048K, 1 young (2048K), 1 survivors (2048K)
 Metaspace       used 57494K, committed 57984K, reserved 1105920K
  class space    used 7750K, committed 8000K, reserved 1048576K
}
Event: 33.211 GC heap before
{Heap before GC invocations=18 (full 0):
 garbage-first heap   total 55296K, used 44455K [0x0000000740a00000, 0x0000000800000000)
  region size 2048K, 10 young (20480K), 1 survivors (2048K)
 Metaspace       used 59738K, committed 60160K, reserved 1105920K
  class space    used 8063K, committed 8256K, reserved 1048576K
}
Event: 33.216 GC heap after
{Heap after GC invocations=19 (full 0):
 garbage-first heap   total 55296K, used 27819K [0x0000000740a00000, 0x0000000800000000)
  region size 2048K, 2 young (4096K), 2 survivors (4096K)
 Metaspace       used 59738K, committed 60160K, reserved 1105920K
  class space    used 8063K, committed 8256K, reserved 1048576K
}
Event: 33.335 GC heap before
{Heap before GC invocations=19 (full 0):
 garbage-first heap   total 55296K, used 31915K [0x0000000740a00000, 0x0000000800000000)
  region size 2048K, 5 young (10240K), 2 survivors (4096K)
 Metaspace       used 60120K, committed 60480K, reserved 1105920K
  class space    used 8129K, committed 8320K, reserved 1048576K
}
Event: 33.341 GC heap after
{Heap after GC invocations=20 (full 0):
 garbage-first heap   total 55296K, used 28204K [0x0000000740a00000, 0x0000000800000000)
  region size 2048K, 2 young (4096K), 2 survivors (4096K)
 Metaspace       used 60120K, committed 60480K, reserved 1105920K
  class space    used 8129K, committed 8320K, reserved 1048576K
}
Event: 33.779 GC heap before
{Heap before GC invocations=21 (full 0):
 garbage-first heap   total 55296K, used 42540K [0x0000000740a00000, 0x0000000800000000)
  region size 2048K, 9 young (18432K), 2 survivors (4096K)
 Metaspace       used 61596K, committed 62016K, reserved 1105920K
  class space    used 8359K, committed 8576K, reserved 1048576K
}
Event: 33.783 GC heap after
{Heap after GC invocations=22 (full 0):
 garbage-first heap   total 55296K, used 29939K [0x0000000740a00000, 0x0000000800000000)
  region size 2048K, 2 young (4096K), 2 survivors (4096K)
 Metaspace       used 61596K, committed 62016K, reserved 1105920K
  class space    used 8359K, committed 8576K, reserved 1048576K
}
Event: 33.965 GC heap before
{Heap before GC invocations=22 (full 0):
 garbage-first heap   total 55296K, used 31987K [0x0000000740a00000, 0x0000000800000000)
  region size 2048K, 3 young (6144K), 2 survivors (4096K)
 Metaspace       used 62070K, committed 62464K, reserved 1105920K
  class space    used 8419K, committed 8640K, reserved 1048576K
}
Event: 33.970 GC heap after
{Heap after GC invocations=23 (full 0):
 garbage-first heap   total 55296K, used 29766K [0x0000000740a00000, 0x0000000800000000)
  region size 2048K, 1 young (2048K), 1 survivors (2048K)
 Metaspace       used 62070K, committed 62464K, reserved 1105920K
  class space    used 8419K, committed 8640K, reserved 1048576K
}
Event: 112.343 GC heap before
{Heap before GC invocations=23 (full 0):
 garbage-first heap   total 55296K, used 42054K [0x0000000740a00000, 0x0000000800000000)
  region size 2048K, 7 young (14336K), 1 survivors (2048K)
 Metaspace       used 63531K, committed 63872K, reserved 1105920K
  class space    used 8595K, committed 8768K, reserved 1048576K
}

